<?xml version="1.0" encoding="UTF-8"?>
<testsuite xmlns:xsi="http://www.w3.org/2001/XMLSchema-instance" xsi:noNamespaceSchemaLocation="https://maven.apache.org/surefire/maven-surefire-plugin/xsd/surefire-test-report-3.0.xsd" version="3.0" name="TestSuite" time="80.451" tests="25" errors="0" skipped="0" failures="0">
  <properties>
    <property name="sun.desktop" value="windows"/>
    <property name="awt.toolkit" value="sun.awt.windows.WToolkit"/>
    <property name="java.specification.version" value="11"/>
    <property name="sun.cpu.isalist" value="amd64"/>
    <property name="sun.jnu.encoding" value="Cp1252"/>
    <property name="java.class.path" value="C:\Users\v21\RestAssuredAPI\target\test-classes;C:\Users\v21\RestAssuredAPI\target\classes;C:\Users\v21\.m2\repository\io\rest-assured\rest-assured\5.3.2\rest-assured-5.3.2.jar;C:\Users\v21\.m2\repository\org\apache\groovy\groovy\4.0.11\groovy-4.0.11.jar;C:\Users\v21\.m2\repository\org\apache\groovy\groovy-xml\4.0.11\groovy-xml-4.0.11.jar;C:\Users\v21\.m2\repository\org\apache\httpcomponents\httpclient\4.5.13\httpclient-4.5.13.jar;C:\Users\v21\.m2\repository\org\apache\httpcomponents\httpcore\4.4.13\httpcore-4.4.13.jar;C:\Users\v21\.m2\repository\commons-logging\commons-logging\1.2\commons-logging-1.2.jar;C:\Users\v21\.m2\repository\org\apache\httpcomponents\httpmime\4.5.13\httpmime-4.5.13.jar;C:\Users\v21\.m2\repository\org\hamcrest\hamcrest\2.2\hamcrest-2.2.jar;C:\Users\v21\.m2\repository\org\ccil\cowan\tagsoup\tagsoup\1.2.1\tagsoup-1.2.1.jar;C:\Users\v21\.m2\repository\io\rest-assured\xml-path\5.3.2\xml-path-5.3.2.jar;C:\Users\v21\.m2\repository\io\rest-assured\json-path\5.4.0\json-path-5.4.0.jar;C:\Users\v21\.m2\repository\io\rest-assured\rest-assured-common\5.4.0\rest-assured-common-5.4.0.jar;C:\Users\v21\.m2\repository\org\json\json\20231013\json-20231013.jar;C:\Users\v21\.m2\repository\org\testng\testng\7.8.0\testng-7.8.0.jar;C:\Users\v21\.m2\repository\org\slf4j\slf4j-api\1.7.36\slf4j-api-1.7.36.jar;C:\Users\v21\.m2\repository\com\beust\jcommander\1.82\jcommander-1.82.jar;C:\Users\v21\.m2\repository\org\webjars\jquery\3.6.1\jquery-3.6.1.jar;C:\Users\v21\.m2\repository\com\github\scribejava\scribejava-apis\8.3.3\scribejava-apis-8.3.3.jar;C:\Users\v21\.m2\repository\com\github\scribejava\scribejava-core\8.3.3\scribejava-core-8.3.3.jar;C:\Users\v21\.m2\repository\com\github\scribejava\scribejava-java8\8.3.3\scribejava-java8-8.3.3.jar;C:\Users\v21\.m2\repository\org\apache\groovy\groovy-json\4.0.17\groovy-json-4.0.17.jar;C:\Users\v21\.m2\repository\io\rest-assured\json-schema-validator\5.4.0\json-schema-validator-5.4.0.jar;C:\Users\v21\.m2\repository\com\github\java-json-tools\json-schema-validator\2.2.14\json-schema-validator-2.2.14.jar;C:\Users\v21\.m2\repository\com\github\java-json-tools\jackson-coreutils-equivalence\1.0\jackson-coreutils-equivalence-1.0.jar;C:\Users\v21\.m2\repository\com\github\java-json-tools\jackson-coreutils\2.0\jackson-coreutils-2.0.jar;C:\Users\v21\.m2\repository\com\github\java-json-tools\msg-simple\1.2\msg-simple-1.2.jar;C:\Users\v21\.m2\repository\com\github\java-json-tools\btf\1.3\btf-1.3.jar;C:\Users\v21\.m2\repository\com\github\java-json-tools\json-schema-core\1.2.14\json-schema-core-1.2.14.jar;C:\Users\v21\.m2\repository\com\github\java-json-tools\uri-template\0.10\uri-template-0.10.jar;C:\Users\v21\.m2\repository\org\mozilla\rhino\1.7.7.2\rhino-1.7.7.2.jar;C:\Users\v21\.m2\repository\com\sun\mail\mailapi\1.6.2\mailapi-1.6.2.jar;C:\Users\v21\.m2\repository\joda-time\joda-time\2.10.5\joda-time-2.10.5.jar;C:\Users\v21\.m2\repository\com\googlecode\libphonenumber\libphonenumber\8.11.1\libphonenumber-8.11.1.jar;C:\Users\v21\.m2\repository\com\google\code\findbugs\jsr305\3.0.2\jsr305-3.0.2.jar;C:\Users\v21\.m2\repository\net\sf\jopt-simple\jopt-simple\5.0.4\jopt-simple-5.0.4.jar;C:\Users\v21\.m2\repository\com\google\guava\guava\32.0.1-jre\guava-32.0.1-jre.jar;C:\Users\v21\.m2\repository\com\google\guava\failureaccess\1.0.1\failureaccess-1.0.1.jar;C:\Users\v21\.m2\repository\com\google\guava\listenablefuture\9999.0-empty-to-avoid-conflict-with-guava\listenablefuture-9999.0-empty-to-avoid-conflict-with-guava.jar;C:\Users\v21\.m2\repository\org\checkerframework\checker-qual\3.33.0\checker-qual-3.33.0.jar;C:\Users\v21\.m2\repository\com\google\errorprone\error_prone_annotations\2.18.0\error_prone_annotations-2.18.0.jar;C:\Users\v21\.m2\repository\com\google\j2objc\j2objc-annotations\2.8\j2objc-annotations-2.8.jar;C:\Users\v21\.m2\repository\com\github\javafaker\javafaker\1.0.2\javafaker-1.0.2.jar;C:\Users\v21\.m2\repository\org\apache\commons\commons-lang3\3.5\commons-lang3-3.5.jar;C:\Users\v21\.m2\repository\org\yaml\snakeyaml\1.23\snakeyaml-1.23-android.jar;C:\Users\v21\.m2\repository\com\github\mifmif\generex\1.0.2\generex-1.0.2.jar;C:\Users\v21\.m2\repository\dk\brics\automaton\automaton\1.11-8\automaton-1.11-8.jar;C:\Users\v21\.m2\repository\com\aventstack\extentreports\5.1.1\extentreports-5.1.1.jar;C:\Users\v21\.m2\repository\io\reactivex\rxjava3\rxjava\3.1.6\rxjava-3.1.6.jar;C:\Users\v21\.m2\repository\org\reactivestreams\reactive-streams\1.0.4\reactive-streams-1.0.4.jar;C:\Users\v21\.m2\repository\org\freemarker\freemarker\2.3.32\freemarker-2.3.32.jar;C:\Users\v21\.m2\repository\org\projectlombok\lombok\1.18.26\lombok-1.18.26.jar;C:\Users\v21\.m2\repository\com\google\code\gson\gson\2.10.1\gson-2.10.1.jar;C:\Users\v21\.m2\repository\org\apache\poi\poi\5.2.5\poi-5.2.5.jar;C:\Users\v21\.m2\repository\commons-codec\commons-codec\1.16.0\commons-codec-1.16.0.jar;C:\Users\v21\.m2\repository\org\apache\commons\commons-collections4\4.4\commons-collections4-4.4.jar;C:\Users\v21\.m2\repository\org\apache\commons\commons-math3\3.6.1\commons-math3-3.6.1.jar;C:\Users\v21\.m2\repository\commons-io\commons-io\2.15.0\commons-io-2.15.0.jar;C:\Users\v21\.m2\repository\com\zaxxer\SparseBitSet\1.3\SparseBitSet-1.3.jar;C:\Users\v21\.m2\repository\org\apache\poi\poi-ooxml\5.2.5\poi-ooxml-5.2.5.jar;C:\Users\v21\.m2\repository\org\apache\poi\poi-ooxml-lite\5.2.5\poi-ooxml-lite-5.2.5.jar;C:\Users\v21\.m2\repository\org\apache\xmlbeans\xmlbeans\5.2.0\xmlbeans-5.2.0.jar;C:\Users\v21\.m2\repository\org\apache\commons\commons-compress\1.25.0\commons-compress-1.25.0.jar;C:\Users\v21\.m2\repository\com\github\virtuald\curvesapi\1.08\curvesapi-1.08.jar;C:\Users\v21\.m2\repository\org\apache\logging\log4j\log4j-core\2.22.0\log4j-core-2.22.0.jar;C:\Users\v21\.m2\repository\org\apache\logging\log4j\log4j-api\2.22.0\log4j-api-2.22.0.jar;C:\Users\v21\.m2\repository\com\fasterxml\jackson\core\jackson-databind\2.17.0-rc1\jackson-databind-2.17.0-rc1.jar;C:\Users\v21\.m2\repository\com\fasterxml\jackson\core\jackson-annotations\2.17.0-rc1\jackson-annotations-2.17.0-rc1.jar;C:\Users\v21\.m2\repository\com\fasterxml\jackson\core\jackson-core\2.17.0-rc1\jackson-core-2.17.0-rc1.jar;C:\Users\v21\.m2\repository\net\bytebuddy\byte-buddy\1.14.9\byte-buddy-1.14.9.jar;"/>
    <property name="java.vm.vendor" value="Eclipse Foundation"/>
    <property name="sun.arch.data.model" value="64"/>
    <property name="user.variant" value=""/>
    <property name="java.vendor.url" value="https://adoptium.net/"/>
    <property name="user.timezone" value="Asia/Calcutta"/>
    <property name="java.vm.specification.version" value="11"/>
    <property name="os.name" value="Windows 10"/>
    <property name="sun.java.launcher" value="SUN_STANDARD"/>
    <property name="user.country" value="IN"/>
    <property name="sun.boot.library.path" value="C:\Program Files\Eclipse Foundation\jdk-11.0.12.7-hotspot\bin"/>
    <property name="sun.java.command" value="C:\Users\v21\AppData\Local\Temp\surefire119258031251920790\surefirebooter-20240315120300501_3.jar C:\Users\v21\AppData\Local\Temp\surefire119258031251920790 2024-03-15T12-03-00_313-jvmRun1 surefire-20240315120300501_1tmp surefire_0-20240315120300501_2tmp"/>
    <property name="jdk.debug" value="release"/>
    <property name="surefire.test.class.path" value="C:\Users\v21\RestAssuredAPI\target\test-classes;C:\Users\v21\RestAssuredAPI\target\classes;C:\Users\v21\.m2\repository\io\rest-assured\rest-assured\5.3.2\rest-assured-5.3.2.jar;C:\Users\v21\.m2\repository\org\apache\groovy\groovy\4.0.11\groovy-4.0.11.jar;C:\Users\v21\.m2\repository\org\apache\groovy\groovy-xml\4.0.11\groovy-xml-4.0.11.jar;C:\Users\v21\.m2\repository\org\apache\httpcomponents\httpclient\4.5.13\httpclient-4.5.13.jar;C:\Users\v21\.m2\repository\org\apache\httpcomponents\httpcore\4.4.13\httpcore-4.4.13.jar;C:\Users\v21\.m2\repository\commons-logging\commons-logging\1.2\commons-logging-1.2.jar;C:\Users\v21\.m2\repository\org\apache\httpcomponents\httpmime\4.5.13\httpmime-4.5.13.jar;C:\Users\v21\.m2\repository\org\hamcrest\hamcrest\2.2\hamcrest-2.2.jar;C:\Users\v21\.m2\repository\org\ccil\cowan\tagsoup\tagsoup\1.2.1\tagsoup-1.2.1.jar;C:\Users\v21\.m2\repository\io\rest-assured\xml-path\5.3.2\xml-path-5.3.2.jar;C:\Users\v21\.m2\repository\io\rest-assured\json-path\5.4.0\json-path-5.4.0.jar;C:\Users\v21\.m2\repository\io\rest-assured\rest-assured-common\5.4.0\rest-assured-common-5.4.0.jar;C:\Users\v21\.m2\repository\org\json\json\20231013\json-20231013.jar;C:\Users\v21\.m2\repository\org\testng\testng\7.8.0\testng-7.8.0.jar;C:\Users\v21\.m2\repository\org\slf4j\slf4j-api\1.7.36\slf4j-api-1.7.36.jar;C:\Users\v21\.m2\repository\com\beust\jcommander\1.82\jcommander-1.82.jar;C:\Users\v21\.m2\repository\org\webjars\jquery\3.6.1\jquery-3.6.1.jar;C:\Users\v21\.m2\repository\com\github\scribejava\scribejava-apis\8.3.3\scribejava-apis-8.3.3.jar;C:\Users\v21\.m2\repository\com\github\scribejava\scribejava-core\8.3.3\scribejava-core-8.3.3.jar;C:\Users\v21\.m2\repository\com\github\scribejava\scribejava-java8\8.3.3\scribejava-java8-8.3.3.jar;C:\Users\v21\.m2\repository\org\apache\groovy\groovy-json\4.0.17\groovy-json-4.0.17.jar;C:\Users\v21\.m2\repository\io\rest-assured\json-schema-validator\5.4.0\json-schema-validator-5.4.0.jar;C:\Users\v21\.m2\repository\com\github\java-json-tools\json-schema-validator\2.2.14\json-schema-validator-2.2.14.jar;C:\Users\v21\.m2\repository\com\github\java-json-tools\jackson-coreutils-equivalence\1.0\jackson-coreutils-equivalence-1.0.jar;C:\Users\v21\.m2\repository\com\github\java-json-tools\jackson-coreutils\2.0\jackson-coreutils-2.0.jar;C:\Users\v21\.m2\repository\com\github\java-json-tools\msg-simple\1.2\msg-simple-1.2.jar;C:\Users\v21\.m2\repository\com\github\java-json-tools\btf\1.3\btf-1.3.jar;C:\Users\v21\.m2\repository\com\github\java-json-tools\json-schema-core\1.2.14\json-schema-core-1.2.14.jar;C:\Users\v21\.m2\repository\com\github\java-json-tools\uri-template\0.10\uri-template-0.10.jar;C:\Users\v21\.m2\repository\org\mozilla\rhino\1.7.7.2\rhino-1.7.7.2.jar;C:\Users\v21\.m2\repository\com\sun\mail\mailapi\1.6.2\mailapi-1.6.2.jar;C:\Users\v21\.m2\repository\joda-time\joda-time\2.10.5\joda-time-2.10.5.jar;C:\Users\v21\.m2\repository\com\googlecode\libphonenumber\libphonenumber\8.11.1\libphonenumber-8.11.1.jar;C:\Users\v21\.m2\repository\com\google\code\findbugs\jsr305\3.0.2\jsr305-3.0.2.jar;C:\Users\v21\.m2\repository\net\sf\jopt-simple\jopt-simple\5.0.4\jopt-simple-5.0.4.jar;C:\Users\v21\.m2\repository\com\google\guava\guava\32.0.1-jre\guava-32.0.1-jre.jar;C:\Users\v21\.m2\repository\com\google\guava\failureaccess\1.0.1\failureaccess-1.0.1.jar;C:\Users\v21\.m2\repository\com\google\guava\listenablefuture\9999.0-empty-to-avoid-conflict-with-guava\listenablefuture-9999.0-empty-to-avoid-conflict-with-guava.jar;C:\Users\v21\.m2\repository\org\checkerframework\checker-qual\3.33.0\checker-qual-3.33.0.jar;C:\Users\v21\.m2\repository\com\google\errorprone\error_prone_annotations\2.18.0\error_prone_annotations-2.18.0.jar;C:\Users\v21\.m2\repository\com\google\j2objc\j2objc-annotations\2.8\j2objc-annotations-2.8.jar;C:\Users\v21\.m2\repository\com\github\javafaker\javafaker\1.0.2\javafaker-1.0.2.jar;C:\Users\v21\.m2\repository\org\apache\commons\commons-lang3\3.5\commons-lang3-3.5.jar;C:\Users\v21\.m2\repository\org\yaml\snakeyaml\1.23\snakeyaml-1.23-android.jar;C:\Users\v21\.m2\repository\com\github\mifmif\generex\1.0.2\generex-1.0.2.jar;C:\Users\v21\.m2\repository\dk\brics\automaton\automaton\1.11-8\automaton-1.11-8.jar;C:\Users\v21\.m2\repository\com\aventstack\extentreports\5.1.1\extentreports-5.1.1.jar;C:\Users\v21\.m2\repository\io\reactivex\rxjava3\rxjava\3.1.6\rxjava-3.1.6.jar;C:\Users\v21\.m2\repository\org\reactivestreams\reactive-streams\1.0.4\reactive-streams-1.0.4.jar;C:\Users\v21\.m2\repository\org\freemarker\freemarker\2.3.32\freemarker-2.3.32.jar;C:\Users\v21\.m2\repository\org\projectlombok\lombok\1.18.26\lombok-1.18.26.jar;C:\Users\v21\.m2\repository\com\google\code\gson\gson\2.10.1\gson-2.10.1.jar;C:\Users\v21\.m2\repository\org\apache\poi\poi\5.2.5\poi-5.2.5.jar;C:\Users\v21\.m2\repository\commons-codec\commons-codec\1.16.0\commons-codec-1.16.0.jar;C:\Users\v21\.m2\repository\org\apache\commons\commons-collections4\4.4\commons-collections4-4.4.jar;C:\Users\v21\.m2\repository\org\apache\commons\commons-math3\3.6.1\commons-math3-3.6.1.jar;C:\Users\v21\.m2\repository\commons-io\commons-io\2.15.0\commons-io-2.15.0.jar;C:\Users\v21\.m2\repository\com\zaxxer\SparseBitSet\1.3\SparseBitSet-1.3.jar;C:\Users\v21\.m2\repository\org\apache\poi\poi-ooxml\5.2.5\poi-ooxml-5.2.5.jar;C:\Users\v21\.m2\repository\org\apache\poi\poi-ooxml-lite\5.2.5\poi-ooxml-lite-5.2.5.jar;C:\Users\v21\.m2\repository\org\apache\xmlbeans\xmlbeans\5.2.0\xmlbeans-5.2.0.jar;C:\Users\v21\.m2\repository\org\apache\commons\commons-compress\1.25.0\commons-compress-1.25.0.jar;C:\Users\v21\.m2\repository\com\github\virtuald\curvesapi\1.08\curvesapi-1.08.jar;C:\Users\v21\.m2\repository\org\apache\logging\log4j\log4j-core\2.22.0\log4j-core-2.22.0.jar;C:\Users\v21\.m2\repository\org\apache\logging\log4j\log4j-api\2.22.0\log4j-api-2.22.0.jar;C:\Users\v21\.m2\repository\com\fasterxml\jackson\core\jackson-databind\2.17.0-rc1\jackson-databind-2.17.0-rc1.jar;C:\Users\v21\.m2\repository\com\fasterxml\jackson\core\jackson-annotations\2.17.0-rc1\jackson-annotations-2.17.0-rc1.jar;C:\Users\v21\.m2\repository\com\fasterxml\jackson\core\jackson-core\2.17.0-rc1\jackson-core-2.17.0-rc1.jar;C:\Users\v21\.m2\repository\net\bytebuddy\byte-buddy\1.14.9\byte-buddy-1.14.9.jar;"/>
    <property name="sun.cpu.endian" value="little"/>
    <property name="user.home" value="C:\Users\v21"/>
    <property name="user.language" value="en"/>
    <property name="java.specification.vendor" value="Oracle Corporation"/>
    <property name="java.version.date" value="2021-07-20"/>
    <property name="java.home" value="C:\Program Files\Eclipse Foundation\jdk-11.0.12.7-hotspot"/>
    <property name="file.separator" value="\"/>
    <property name="basedir" value="C:\Users\v21\RestAssuredAPI"/>
    <property name="java.vm.compressedOopsMode" value="Zero based"/>
    <property name="line.separator" value="&#10;"/>
    <property name="java.specification.name" value="Java Platform API Specification"/>
    <property name="java.vm.specification.vendor" value="Oracle Corporation"/>
    <property name="java.awt.graphicsenv" value="sun.awt.Win32GraphicsEnvironment"/>
    <property name="surefire.real.class.path" value="C:\Users\v21\AppData\Local\Temp\surefire119258031251920790\surefirebooter-20240315120300501_3.jar"/>
    <property name="user.script" value=""/>
    <property name="sun.management.compiler" value="HotSpot 64-Bit Tiered Compilers"/>
    <property name="java.runtime.version" value="11.0.12+7"/>
    <property name="user.name" value="v21"/>
    <property name="path.separator" value=";"/>
    <property name="os.version" value="10.0"/>
    <property name="java.runtime.name" value="OpenJDK Runtime Environment"/>
    <property name="file.encoding" value="Cp1252"/>
    <property name="java.vm.name" value="OpenJDK 64-Bit Server VM"/>
    <property name="java.vendor.version" value="Temurin-11.0.12+7"/>
    <property name="localRepository" value="C:\Users\v21\.m2\repository"/>
    <property name="java.vendor.url.bug" value="https://github.com/adoptium/adoptium-support/issues"/>
    <property name="java.io.tmpdir" value="C:\Users\v21\AppData\Local\Temp\"/>
    <property name="idea.version" value="2022.2.3"/>
    <property name="java.version" value="11.0.12"/>
    <property name="user.dir" value="C:\Users\v21\RestAssuredAPI"/>
    <property name="os.arch" value="amd64"/>
    <property name="java.vm.specification.name" value="Java Virtual Machine Specification"/>
    <property name="java.awt.printerjob" value="sun.awt.windows.WPrinterJob"/>
    <property name="sun.os.patch.level" value=""/>
    <property name="java.library.path" value="C:\Program Files\Eclipse Foundation\jdk-11.0.12.7-hotspot\bin;C:\WINDOWS\Sun\Java\bin;C:\WINDOWS\system32;C:\WINDOWS;C:\Program Files\Eclipse Foundation\jdk-11.0.12.7-hotspot\bin;C:\WINDOWS\system32;C:\WINDOWS;C:\WINDOWS\System32\Wbem;C:\WINDOWS\System32\WindowsPowerShell\v1.0\;C:\WINDOWS\System32\OpenSSH\;C:\Program Files (x86)\Microsoft SQL Server\150\DTS\Binn\;C:\Program Files\Azure Data Studio\bin;C:\Users\v21\AppData\Local\Programs\Python\Python38\Scripts\;C:\Users\v21\AppData\Local\Programs\Python\Python38\;C:\Users\v21\AppData\Local\Microsoft\WindowsApps;C:\Users\v21\AppData\Local\Programs\Git\cmd;C:\Program Files\Azure Data Studio\bin;C:\Users\v21\AppData\Local\Programs\Microsoft VS Code\bin;;."/>
    <property name="java.vm.info" value="mixed mode"/>
    <property name="java.vendor" value="Eclipse Foundation"/>
    <property name="java.vm.version" value="11.0.12+7"/>
    <property name="sun.io.unicode.encoding" value="UnicodeLittle"/>
    <property name="java.class.version" value="55.0"/>
  </properties>
  <testcase name="testPostUser" classname="api.test.UserTests" time="3.564">
    <system-out><![CDATA[Request method:	POST
Request URI:	https://petstore.swagger.io/v2/user
Proxy:			<none>
Request params:	<none>
Query params:	<none>
Form params:	<none>
Path params:	<none>
Headers:		Accept=application/json, application/javascript, text/javascript, text/json
				Content-Type=application/json
Cookies:		<none>
Multiparts:		<none>
Body:
{
    "id": 361380654,
    "username": "len.moore",
    "firstName": "m0r6k5fzw",
    "lastName": "Kuhn",
    "email": "roberto.cruickshank@example.com",
    "password": null,
    "phone": "(242) 639-5266",
    "userStatus": 0
}
HTTP/1.1 200 OK
Date: Fri, 15 Mar 2024 06:33:05 GMT
Content-Type: application/json
Transfer-Encoding: chunked
Connection: keep-alive
Access-Control-Allow-Origin: *
Access-Control-Allow-Methods: GET, POST, DELETE, PUT
Access-Control-Allow-Headers: Content-Type, api_key, Authorization
Server: Jetty(9.2.9.v20150224)

{
    "code": 200,
    "type": "unknown",
    "message": "361380654"
}
]]></system-out>
    <system-err><![CDATA[SLF4J: Failed to load class "org.slf4j.impl.StaticLoggerBinder".
SLF4J: Defaulting to no-operation (NOP) logger implementation
SLF4J: See http://www.slf4j.org/codes.html#StaticLoggerBinder for further details.
]]></system-err>
  </testcase>
  <testcase name="testGetUser" classname="api.test.UserTests" time="1.949">
    <system-out><![CDATA[Request method:	GET
Request URI:	https://petstore.swagger.io/v2/user/len.moore
Proxy:			<none>
Request params:	<none>
Query params:	<none>
Form params:	<none>
Path params:	username=len.moore
Headers:		Accept=*/*
Cookies:		<none>
Multiparts:		<none>
Body:			<none>
HTTP/1.1 200 OK
Date: Fri, 15 Mar 2024 06:33:07 GMT
Content-Type: application/json
Transfer-Encoding: chunked
Connection: keep-alive
Access-Control-Allow-Origin: *
Access-Control-Allow-Methods: GET, POST, DELETE, PUT
Access-Control-Allow-Headers: Content-Type, api_key, Authorization
Server: Jetty(9.2.9.v20150224)

{
    "id": 361380654,
    "username": "len.moore",
    "firstName": "m0r6k5fzw",
    "lastName": "Kuhn",
    "email": "roberto.cruickshank@example.com",
    "phone": "(242) 639-5266",
    "userStatus": 0
}
]]></system-out>
  </testcase>
  <testcase name="testUpdateUser" classname="api.test.UserTests" time="4.466">
    <system-out><![CDATA[Request method:	PUT
Request URI:	https://petstore.swagger.io/v2/user/len.moore
Proxy:			<none>
Request params:	<none>
Query params:	<none>
Form params:	<none>
Path params:	username=len.moore
Headers:		Accept=application/json, application/javascript, text/javascript, text/json
				Content-Type=application/json
Cookies:		<none>
Multiparts:		<none>
Body:
{
    "id": 361380654,
    "username": "len.moore",
    "firstName": "Donald",
    "lastName": "Hermann",
    "email": "anderson.lemke@example.com",
    "password": null,
    "phone": "(242) 639-5266",
    "userStatus": 0
}
HTTP/1.1 200 OK
Date: Fri, 15 Mar 2024 06:33:09 GMT
Content-Type: application/json
Transfer-Encoding: chunked
Connection: keep-alive
Access-Control-Allow-Origin: *
Access-Control-Allow-Methods: GET, POST, DELETE, PUT
Access-Control-Allow-Headers: Content-Type, api_key, Authorization
Server: Jetty(9.2.9.v20150224)

{
    "code": 200,
    "type": "unknown",
    "message": "361380654"
}
Request method:	GET
Request URI:	https://petstore.swagger.io/v2/user/len.moore
Proxy:			<none>
Request params:	<none>
Query params:	<none>
Form params:	<none>
Path params:	username=len.moore
Headers:		Accept=*/*
Cookies:		<none>
Multiparts:		<none>
Body:			<none>
HTTP/1.1 200 OK
Date: Fri, 15 Mar 2024 06:33:09 GMT
Content-Type: application/json
Transfer-Encoding: chunked
Connection: keep-alive
Access-Control-Allow-Origin: *
Access-Control-Allow-Methods: GET, POST, DELETE, PUT
Access-Control-Allow-Headers: Content-Type, api_key, Authorization
Server: Jetty(9.2.9.v20150224)

{
    "code": 200,
    "type": "unknown",
    "message": "361380654"
}
]]></system-out>
  </testcase>
  <testcase name="testdeleteUser" classname="api.test.UserTests" time="4.924">
    <system-out><![CDATA[Request method:	DELETE
Request URI:	https://petstore.swagger.io/v2/user/len.moore
Proxy:			<none>
Request params:	<none>
Query params:	<none>
Form params:	<none>
Path params:	username=len.moore
Headers:		Accept=*/*
Cookies:		<none>
Multiparts:		<none>
Body:			<none>
HTTP/1.1 200 OK
Date: Fri, 15 Mar 2024 06:33:14 GMT
Content-Type: application/json
Transfer-Encoding: chunked
Connection: keep-alive
Access-Control-Allow-Origin: *
Access-Control-Allow-Methods: GET, POST, DELETE, PUT
Access-Control-Allow-Headers: Content-Type, api_key, Authorization
Server: Jetty(9.2.9.v20150224)

{
    "code": 200,
    "type": "unknown",
    "message": "len.moore"
}
Request method:	GET
Request URI:	https://petstore.swagger.io/v2/user/len.moore
Proxy:			<none>
Request params:	<none>
Query params:	<none>
Form params:	<none>
Path params:	username=len.moore
Headers:		Accept=*/*
Cookies:		<none>
Multiparts:		<none>
Body:			<none>
HTTP/1.1 200 OK
Date: Fri, 15 Mar 2024 06:33:14 GMT
Content-Type: application/json
Transfer-Encoding: chunked
Connection: keep-alive
Access-Control-Allow-Origin: *
Access-Control-Allow-Methods: GET, POST, DELETE, PUT
Access-Control-Allow-Headers: Content-Type, api_key, Authorization
Server: Jetty(9.2.9.v20150224)

{
    "code": 200,
    "type": "unknown",
    "message": "len.moore"
}
]]></system-out>
  </testcase>
  <testcase name="testPostUser" classname="api.test.UserTests2" time="2.391">
    <system-out><![CDATA[Request method:	POST
Request URI:	https://petstore.swagger.io/v2/user
Proxy:			<none>
Request params:	<none>
Query params:	<none>
Form params:	<none>
Path params:	<none>
Headers:		Accept=application/json, application/javascript, text/javascript, text/json
				Content-Type=application/json
Cookies:		<none>
Multiparts:		<none>
Body:
{
    "id": 1155789797,
    "username": "mark.fritsch",
    "firstName": "fuciwi1",
    "lastName": "Lowe",
    "email": "jamie.hauck@example.com",
    "password": null,
    "phone": "122.293.7322",
    "userStatus": 0
}
HTTP/1.1 200 OK
Date: Fri, 15 Mar 2024 06:33:19 GMT
Content-Type: application/json
Transfer-Encoding: chunked
Connection: keep-alive
Access-Control-Allow-Origin: *
Access-Control-Allow-Methods: GET, POST, DELETE, PUT
Access-Control-Allow-Headers: Content-Type, api_key, Authorization
Server: Jetty(9.2.9.v20150224)

{
    "code": 200,
    "type": "unknown",
    "message": "1155789797"
}
]]></system-out>
  </testcase>
  <testcase name="testGetUser" classname="api.test.UserTests2" time="2.323">
    <system-out><![CDATA[Request method:	GET
Request URI:	https://petstore.swagger.io/v2/user/mark.fritsch
Proxy:			<none>
Request params:	<none>
Query params:	<none>
Form params:	<none>
Path params:	username=mark.fritsch
Headers:		Accept=*/*
Cookies:		<none>
Multiparts:		<none>
Body:			<none>
HTTP/1.1 200 OK
Date: Fri, 15 Mar 2024 06:33:21 GMT
Content-Type: application/json
Transfer-Encoding: chunked
Connection: keep-alive
Access-Control-Allow-Origin: *
Access-Control-Allow-Methods: GET, POST, DELETE, PUT
Access-Control-Allow-Headers: Content-Type, api_key, Authorization
Server: Jetty(9.2.9.v20150224)

{
    "id": 1155789797,
    "username": "mark.fritsch",
    "firstName": "fuciwi1",
    "lastName": "Lowe",
    "email": "jamie.hauck@example.com",
    "phone": "122.293.7322",
    "userStatus": 0
}
]]></system-out>
  </testcase>
  <testcase name="testUpdateUser" classname="api.test.UserTests2" time="4.137">
    <system-out><![CDATA[Request method:	PUT
Request URI:	https://petstore.swagger.io/v2/user/mark.fritsch
Proxy:			<none>
Request params:	<none>
Query params:	<none>
Form params:	<none>
Path params:	username=mark.fritsch
Headers:		Accept=application/json, application/javascript, text/javascript, text/json
				Content-Type=application/json
Cookies:		<none>
Multiparts:		<none>
Body:
{
    "id": 1155789797,
    "username": "mark.fritsch",
    "firstName": "Shirleen",
    "lastName": "Krajcik",
    "email": "josiah.shields@example.com",
    "password": null,
    "phone": "122.293.7322",
    "userStatus": 0
}
HTTP/1.1 200 OK
Date: Fri, 15 Mar 2024 06:33:23 GMT
Content-Type: application/json
Transfer-Encoding: chunked
Connection: keep-alive
Access-Control-Allow-Origin: *
Access-Control-Allow-Methods: GET, POST, DELETE, PUT
Access-Control-Allow-Headers: Content-Type, api_key, Authorization
Server: Jetty(9.2.9.v20150224)

{
    "code": 200,
    "type": "unknown",
    "message": "1155789797"
}
Request method:	GET
Request URI:	https://petstore.swagger.io/v2/user/mark.fritsch
Proxy:			<none>
Request params:	<none>
Query params:	<none>
Form params:	<none>
Path params:	username=mark.fritsch
Headers:		Accept=*/*
Cookies:		<none>
Multiparts:		<none>
Body:			<none>
HTTP/1.1 200 OK
Date: Fri, 15 Mar 2024 06:33:23 GMT
Content-Type: application/json
Transfer-Encoding: chunked
Connection: keep-alive
Access-Control-Allow-Origin: *
Access-Control-Allow-Methods: GET, POST, DELETE, PUT
Access-Control-Allow-Headers: Content-Type, api_key, Authorization
Server: Jetty(9.2.9.v20150224)

{
    "code": 200,
    "type": "unknown",
    "message": "1155789797"
}
]]></system-out>
  </testcase>
  <testcase name="testdeleteUser" classname="api.test.UserTests2" time="5.14">
    <system-out><![CDATA[Request method:	DELETE
Request URI:	https://petstore.swagger.io/v2/user/mark.fritsch
Proxy:			<none>
Request params:	<none>
Query params:	<none>
Form params:	<none>
Path params:	username=mark.fritsch
Headers:		Accept=*/*
Cookies:		<none>
Multiparts:		<none>
Body:			<none>
HTTP/1.1 200 OK
Date: Fri, 15 Mar 2024 06:33:28 GMT
Content-Type: application/json
Transfer-Encoding: chunked
Connection: keep-alive
Access-Control-Allow-Origin: *
Access-Control-Allow-Methods: GET, POST, DELETE, PUT
Access-Control-Allow-Headers: Content-Type, api_key, Authorization
Server: Jetty(9.2.9.v20150224)

{
    "code": 200,
    "type": "unknown",
    "message": "mark.fritsch"
}
Request method:	GET
Request URI:	https://petstore.swagger.io/v2/user/mark.fritsch
Proxy:			<none>
Request params:	<none>
Query params:	<none>
Form params:	<none>
Path params:	username=mark.fritsch
Headers:		Accept=*/*
Cookies:		<none>
Multiparts:		<none>
Body:			<none>
HTTP/1.1 200 OK
Date: Fri, 15 Mar 2024 06:33:28 GMT
Content-Type: application/json
Transfer-Encoding: chunked
Connection: keep-alive
Access-Control-Allow-Origin: *
Access-Control-Allow-Methods: GET, POST, DELETE, PUT
Access-Control-Allow-Headers: Content-Type, api_key, Authorization
Server: Jetty(9.2.9.v20150224)

{
    "code": 200,
    "type": "unknown",
    "message": "mark.fritsch"
}
]]></system-out>
  </testcase>
  <testcase name="createPetToStore[1, 101, VR, doggie, abc.com, 11, SK, available](1)" classname="api.test.PetTests" time="2.531">
    <system-out><![CDATA[HTTP/1.1 200 OK
Date: Fri, 15 Mar 2024 06:33:34 GMT
Content-Type: application/json
Transfer-Encoding: chunked
Connection: keep-alive
Access-Control-Allow-Origin: *
Access-Control-Allow-Methods: GET, POST, DELETE, PUT
Access-Control-Allow-Headers: Content-Type, api_key, Authorization
Server: Jetty(9.2.9.v20150224)

{
    "id": 1,
    "category": {
        "id": 101,
        "name": "VR"
    },
    "name": "doggie",
    "photoUrls": [
        "abc.com"
    ],
    "tags": [
        {
            "id": 11,
            "name": "SK"
        }
    ],
    "status": "available"
}
Create pet to store response is :{"id":1,"category":{"id":101,"name":"VR"},"name":"doggie","photoUrls":["abc.com"],"tags":[{"id":11,"name":"SK"}],"status":"available"}
]]></system-out>
  </testcase>
  <testcase name="createPetToStore[2, 102, DK, tommy, xyz.com, 12, YZ, available](2)" classname="api.test.PetTests" time="2.145">
    <system-out><![CDATA[HTTP/1.1 200 OK
Date: Fri, 15 Mar 2024 06:33:36 GMT
Content-Type: application/json
Transfer-Encoding: chunked
Connection: keep-alive
Access-Control-Allow-Origin: *
Access-Control-Allow-Methods: GET, POST, DELETE, PUT
Access-Control-Allow-Headers: Content-Type, api_key, Authorization
Server: Jetty(9.2.9.v20150224)

{
    "id": 2,
    "category": {
        "id": 102,
        "name": "DK"
    },
    "name": "tommy",
    "photoUrls": [
        "xyz.com"
    ],
    "tags": [
        {
            "id": 12,
            "name": "YZ"
        }
    ],
    "status": "available"
}
Create pet to store response is :{"id":2,"category":{"id":102,"name":"DK"},"name":"tommy","photoUrls":["xyz.com"],"tags":[{"id":12,"name":"YZ"}],"status":"available"}
]]></system-out>
  </testcase>
  <testcase name="updatePetToStore[1, 101, VR, doggie, abc.com, 11, SK, available](1)" classname="api.test.PetTests" time="4.943">
    <system-out><![CDATA[Request method:	PUT
Request URI:	https://petstore.swagger.io/v2/pet
Proxy:			<none>
Request params:	<none>
Query params:	<none>
Form params:	<none>
Path params:	<none>
Headers:		Accept=application/json, application/javascript, text/javascript, text/json
				Content-Type=application/json
Cookies:		<none>
Multiparts:		<none>
Body:
{
    "id": "1",
    "name": "doggie",
    "status": "available",
    "photoUrls": [
        "abc.com"
    ],
    "tags": [
        {
            "id": "11",
            "name": "SK"
        }
    ],
    "category": {
        "id": "101",
        "name": "VR"
    }
}
HTTP/1.1 200 OK
Date: Fri, 15 Mar 2024 06:33:39 GMT
Content-Type: application/json
Transfer-Encoding: chunked
Connection: keep-alive
Access-Control-Allow-Origin: *
Access-Control-Allow-Methods: GET, POST, DELETE, PUT
Access-Control-Allow-Headers: Content-Type, api_key, Authorization
Server: Jetty(9.2.9.v20150224)

{
    "id": 1,
    "category": {
        "id": 101,
        "name": "VR"
    },
    "name": "doggie",
    "photoUrls": [
        "abc.com"
    ],
    "tags": [
        {
            "id": 11,
            "name": "SK"
        }
    ],
    "status": "available"
}
Request method:	PUT
Request URI:	https://petstore.swagger.io/v2/pet
Proxy:			<none>
Request params:	<none>
Query params:	<none>
Form params:	<none>
Path params:	<none>
Headers:		Accept=application/json, application/javascript, text/javascript, text/json
				Content-Type=application/json
Cookies:		<none>
Multiparts:		<none>
Body:
{
    "id": "1",
    "name": "buzzo",
    "status": "available",
    "photoUrls": [
        "abc.com"
    ],
    "tags": [
        {
            "id": "11",
            "name": "SK"
        }
    ],
    "category": {
        "id": "101",
        "name": "VR"
    }
}
HTTP/1.1 200 OK
Date: Fri, 15 Mar 2024 06:33:42 GMT
Content-Type: application/json
Transfer-Encoding: chunked
Connection: keep-alive
Access-Control-Allow-Origin: *
Access-Control-Allow-Methods: GET, POST, DELETE, PUT
Access-Control-Allow-Headers: Content-Type, api_key, Authorization
Server: Jetty(9.2.9.v20150224)

{
    "id": 1,
    "category": {
        "id": 101,
        "name": "VR"
    },
    "name": "buzzo",
    "photoUrls": [
        "abc.com"
    ],
    "tags": [
        {
            "id": 11,
            "name": "SK"
        }
    ],
    "status": "available"
}
]]></system-out>
  </testcase>
  <testcase name="updatePetToStore[2, 102, DK, tommy, xyz.com, 12, YZ, available](2)" classname="api.test.PetTests" time="4.119">
    <system-out><![CDATA[Request method:	PUT
Request URI:	https://petstore.swagger.io/v2/pet
Proxy:			<none>
Request params:	<none>
Query params:	<none>
Form params:	<none>
Path params:	<none>
Headers:		Accept=application/json, application/javascript, text/javascript, text/json
				Content-Type=application/json
Cookies:		<none>
Multiparts:		<none>
Body:
{
    "id": "2",
    "name": "tommy",
    "status": "available",
    "photoUrls": [
        "xyz.com"
    ],
    "tags": [
        {
            "id": "12",
            "name": "YZ"
        }
    ],
    "category": {
        "id": "102",
        "name": "DK"
    }
}
HTTP/1.1 200 OK
Date: Fri, 15 Mar 2024 06:33:44 GMT
Content-Type: application/json
Transfer-Encoding: chunked
Connection: keep-alive
Access-Control-Allow-Origin: *
Access-Control-Allow-Methods: GET, POST, DELETE, PUT
Access-Control-Allow-Headers: Content-Type, api_key, Authorization
Server: Jetty(9.2.9.v20150224)

{
    "id": 2,
    "category": {
        "id": 102,
        "name": "DK"
    },
    "name": "tommy",
    "photoUrls": [
        "xyz.com"
    ],
    "tags": [
        {
            "id": 12,
            "name": "YZ"
        }
    ],
    "status": "available"
}
Request method:	PUT
Request URI:	https://petstore.swagger.io/v2/pet
Proxy:			<none>
Request params:	<none>
Query params:	<none>
Form params:	<none>
Path params:	<none>
Headers:		Accept=application/json, application/javascript, text/javascript, text/json
				Content-Type=application/json
Cookies:		<none>
Multiparts:		<none>
Body:
{
    "id": "2",
    "name": "buzzo",
    "status": "available",
    "photoUrls": [
        "xyz.com"
    ],
    "tags": [
        {
            "id": "12",
            "name": "YZ"
        }
    ],
    "category": {
        "id": "102",
        "name": "DK"
    }
}
HTTP/1.1 200 OK
Date: Fri, 15 Mar 2024 06:33:46 GMT
Content-Type: application/json
Transfer-Encoding: chunked
Connection: keep-alive
Access-Control-Allow-Origin: *
Access-Control-Allow-Methods: GET, POST, DELETE, PUT
Access-Control-Allow-Headers: Content-Type, api_key, Authorization
Server: Jetty(9.2.9.v20150224)

{
    "id": 2,
    "category": {
        "id": 102,
        "name": "DK"
    },
    "name": "buzzo",
    "photoUrls": [
        "xyz.com"
    ],
    "tags": [
        {
            "id": 12,
            "name": "YZ"
        }
    ],
    "status": "available"
}
]]></system-out>
  </testcase>
  <testcase name="testPostUser[1001, testUser1, John, Cena, a@gmail.com, test@1, 1232434788](1)" classname="api.test.DatadrivenTests" time="2.175">
    <system-out><![CDATA[Request method:	POST
Request URI:	https://petstore.swagger.io/v2/user
Proxy:			<none>
Request params:	<none>
Query params:	<none>
Form params:	<none>
Path params:	<none>
Headers:		Accept=application/json, application/javascript, text/javascript, text/json
				Content-Type=application/json
Cookies:		<none>
Multiparts:		<none>
Body:
{
    "id": 1001,
    "username": "testUser1",
    "firstName": "John",
    "lastName": "Cena",
    "email": "a@gmail.com",
    "password": "test@1",
    "phone": "1232434788",
    "userStatus": 0
}
HTTP/1.1 200 OK
Date: Fri, 15 Mar 2024 06:33:48 GMT
Content-Type: application/json
Transfer-Encoding: chunked
Connection: keep-alive
Access-Control-Allow-Origin: *
Access-Control-Allow-Methods: GET, POST, DELETE, PUT
Access-Control-Allow-Headers: Content-Type, api_key, Authorization
Server: Jetty(9.2.9.v20150224)

{
    "code": 200,
    "type": "unknown",
    "message": "1001"
}
]]></system-out>
  </testcase>
  <testcase name="testPostUser[1002, testUser2, Sam, Kapoor, b@gmail.com, test@2, 9876345211](2)" classname="api.test.DatadrivenTests" time="2.071">
    <system-out><![CDATA[Request method:	POST
Request URI:	https://petstore.swagger.io/v2/user
Proxy:			<none>
Request params:	<none>
Query params:	<none>
Form params:	<none>
Path params:	<none>
Headers:		Accept=application/json, application/javascript, text/javascript, text/json
				Content-Type=application/json
Cookies:		<none>
Multiparts:		<none>
Body:
{
    "id": 1002,
    "username": "testUser2",
    "firstName": "Sam",
    "lastName": "Kapoor",
    "email": "b@gmail.com",
    "password": "test@2",
    "phone": "9876345211",
    "userStatus": 0
}
HTTP/1.1 200 OK
Date: Fri, 15 Mar 2024 06:33:50 GMT
Content-Type: application/json
Transfer-Encoding: chunked
Connection: keep-alive
Access-Control-Allow-Origin: *
Access-Control-Allow-Methods: GET, POST, DELETE, PUT
Access-Control-Allow-Headers: Content-Type, api_key, Authorization
Server: Jetty(9.2.9.v20150224)

{
    "code": 200,
    "type": "unknown",
    "message": "1002"
}
]]></system-out>
  </testcase>
  <testcase name="testPostUser[1003, tes, Himaya, Thakral, c@gmail.com, test@3, 9112763388](3)" classname="api.test.DatadrivenTests" time="2.434">
    <system-out><![CDATA[Request method:	POST
Request URI:	https://petstore.swagger.io/v2/user
Proxy:			<none>
Request params:	<none>
Query params:	<none>
Form params:	<none>
Path params:	<none>
Headers:		Accept=application/json, application/javascript, text/javascript, text/json
				Content-Type=application/json
Cookies:		<none>
Multiparts:		<none>
Body:
{
    "id": 1003,
    "username": "tes",
    "firstName": "Himaya",
    "lastName": "Thakral",
    "email": "c@gmail.com",
    "password": "test@3",
    "phone": "9112763388",
    "userStatus": 0
}
HTTP/1.1 200 OK
Date: Fri, 15 Mar 2024 06:33:53 GMT
Content-Type: application/json
Transfer-Encoding: chunked
Connection: keep-alive
Access-Control-Allow-Origin: *
Access-Control-Allow-Methods: GET, POST, DELETE, PUT
Access-Control-Allow-Headers: Content-Type, api_key, Authorization
Server: Jetty(9.2.9.v20150224)

{
    "code": 200,
    "type": "unknown",
    "message": "1003"
}
]]></system-out>
  </testcase>
  <testcase name="testPostUser[1004, tes2, Himalya, aggrawal, d@gmail.com, test@4 , 9112763399](4)" classname="api.test.DatadrivenTests" time="1.931">
    <system-out><![CDATA[Request method:	POST
Request URI:	https://petstore.swagger.io/v2/user
Proxy:			<none>
Request params:	<none>
Query params:	<none>
Form params:	<none>
Path params:	<none>
Headers:		Accept=application/json, application/javascript, text/javascript, text/json
				Content-Type=application/json
Cookies:		<none>
Multiparts:		<none>
Body:
{
    "id": 1004,
    "username": "tes2",
    "firstName": "Himalya",
    "lastName": "aggrawal",
    "email": "d@gmail.com",
    "password": "test@4 ",
    "phone": "9112763399",
    "userStatus": 0
}
HTTP/1.1 200 OK
Date: Fri, 15 Mar 2024 06:33:55 GMT
Content-Type: application/json
Transfer-Encoding: chunked
Connection: keep-alive
Access-Control-Allow-Origin: *
Access-Control-Allow-Methods: GET, POST, DELETE, PUT
Access-Control-Allow-Headers: Content-Type, api_key, Authorization
Server: Jetty(9.2.9.v20150224)

{
    "code": 200,
    "type": "unknown",
    "message": "1004"
}
]]></system-out>
  </testcase>
  <testcase name="testDeleteUserByUserName[testUser1](1)" classname="api.test.DatadrivenTests" time="2.043">
    <system-out><![CDATA[Request method:	DELETE
Request URI:	https://petstore.swagger.io/v2/user/testUser1
Proxy:			<none>
Request params:	<none>
Query params:	<none>
Form params:	<none>
Path params:	username=testUser1
Headers:		Accept=*/*
Cookies:		<none>
Multiparts:		<none>
Body:			<none>
HTTP/1.1 200 OK
Date: Fri, 15 Mar 2024 06:33:57 GMT
Content-Type: application/json
Transfer-Encoding: chunked
Connection: keep-alive
Access-Control-Allow-Origin: *
Access-Control-Allow-Methods: GET, POST, DELETE, PUT
Access-Control-Allow-Headers: Content-Type, api_key, Authorization
Server: Jetty(9.2.9.v20150224)

{
    "code": 200,
    "type": "unknown",
    "message": "testUser1"
}
]]></system-out>
  </testcase>
  <testcase name="testDeleteUserByUserName[testUser2](2)" classname="api.test.DatadrivenTests" time="1.899">
    <system-out><![CDATA[Request method:	DELETE
Request URI:	https://petstore.swagger.io/v2/user/testUser2
Proxy:			<none>
Request params:	<none>
Query params:	<none>
Form params:	<none>
Path params:	username=testUser2
Headers:		Accept=*/*
Cookies:		<none>
Multiparts:		<none>
Body:			<none>
HTTP/1.1 200 OK
Date: Fri, 15 Mar 2024 06:33:59 GMT
Content-Type: application/json
Transfer-Encoding: chunked
Connection: keep-alive
Access-Control-Allow-Origin: *
Access-Control-Allow-Methods: GET, POST, DELETE, PUT
Access-Control-Allow-Headers: Content-Type, api_key, Authorization
Server: Jetty(9.2.9.v20150224)

{
    "code": 200,
    "type": "unknown",
    "message": "testUser2"
}
]]></system-out>
  </testcase>
  <testcase name="testDeleteUserByUserName[tes](3)" classname="api.test.DatadrivenTests" time="2.1">
    <system-out><![CDATA[Request method:	DELETE
Request URI:	https://petstore.swagger.io/v2/user/tes
Proxy:			<none>
Request params:	<none>
Query params:	<none>
Form params:	<none>
Path params:	username=tes
Headers:		Accept=*/*
Cookies:		<none>
Multiparts:		<none>
Body:			<none>
HTTP/1.1 200 OK
Date: Fri, 15 Mar 2024 06:34:01 GMT
Content-Type: application/json
Transfer-Encoding: chunked
Connection: keep-alive
Access-Control-Allow-Origin: *
Access-Control-Allow-Methods: GET, POST, DELETE, PUT
Access-Control-Allow-Headers: Content-Type, api_key, Authorization
Server: Jetty(9.2.9.v20150224)

{
    "code": 200,
    "type": "unknown",
    "message": "tes"
}
]]></system-out>
  </testcase>
  <testcase name="testDeleteUserByUserName[tes2](4)" classname="api.test.DatadrivenTests" time="2.063">
    <system-out><![CDATA[Request method:	DELETE
Request URI:	https://petstore.swagger.io/v2/user/tes2
Proxy:			<none>
Request params:	<none>
Query params:	<none>
Form params:	<none>
Path params:	username=tes2
Headers:		Accept=*/*
Cookies:		<none>
Multiparts:		<none>
Body:			<none>
HTTP/1.1 200 OK
Date: Fri, 15 Mar 2024 06:34:03 GMT
Content-Type: application/json
Transfer-Encoding: chunked
Connection: keep-alive
Access-Control-Allow-Origin: *
Access-Control-Allow-Methods: GET, POST, DELETE, PUT
Access-Control-Allow-Headers: Content-Type, api_key, Authorization
Server: Jetty(9.2.9.v20150224)

{
    "code": 200,
    "type": "unknown",
    "message": "tes2"
}
]]></system-out>
  </testcase>
  <testcase name="getStoreData[1, 101, 3, 2023-12-26T10:24:41.439Z, placed, TRUE](1)" classname="api.test.DatadrivenTests" time="1.833">
    <system-out><![CDATA[Request method:	POST
Request URI:	https://petstore.swagger.io/v2/store/order
Proxy:			<none>
Request params:	<none>
Query params:	<none>
Form params:	<none>
Path params:	<none>
Headers:		Accept=application/json, application/javascript, text/javascript, text/json
				Content-Type=application/json
Cookies:		<none>
Multiparts:		<none>
Body:
{
    "id": "1",
    "petId": "101",
    "quantity": "3",
    "date": "2024-03-15T06:34:03.953Z",
    "status": "placed",
    "complete": "true"
}
HTTP/1.1 200 OK
Date: Fri, 15 Mar 2024 06:34:05 GMT
Content-Type: application/json
Transfer-Encoding: chunked
Connection: keep-alive
Access-Control-Allow-Origin: *
Access-Control-Allow-Methods: GET, POST, DELETE, PUT
Access-Control-Allow-Headers: Content-Type, api_key, Authorization
Server: Jetty(9.2.9.v20150224)

{
    "id": 1,
    "petId": 101,
    "quantity": 3,
    "status": "placed",
    "complete": true
}
]]></system-out>
  </testcase>
  <testcase name="getStoreData[2, 102, 4, 2023-12-27T10:24:41.439Z, placed, TRUE](2)" classname="api.test.DatadrivenTests" time="2.361">
    <system-out><![CDATA[Request method:	POST
Request URI:	https://petstore.swagger.io/v2/store/order
Proxy:			<none>
Request params:	<none>
Query params:	<none>
Form params:	<none>
Path params:	<none>
Headers:		Accept=application/json, application/javascript, text/javascript, text/json
				Content-Type=application/json
Cookies:		<none>
Multiparts:		<none>
Body:
{
    "id": "2",
    "petId": "102",
    "quantity": "4",
    "date": "2024-03-15T06:34:05.784Z",
    "status": "placed",
    "complete": "true"
}
HTTP/1.1 200 OK
Date: Fri, 15 Mar 2024 06:34:07 GMT
Content-Type: application/json
Transfer-Encoding: chunked
Connection: keep-alive
Access-Control-Allow-Origin: *
Access-Control-Allow-Methods: GET, POST, DELETE, PUT
Access-Control-Allow-Headers: Content-Type, api_key, Authorization
Server: Jetty(9.2.9.v20150224)

{
    "id": 2,
    "petId": 102,
    "quantity": 4,
    "status": "placed",
    "complete": true
}
]]></system-out>
  </testcase>
  <testcase name="getStoreData[3, 103, 6, 2023-12-26T10:24:41.439Z, placed, TRUE](3)" classname="api.test.DatadrivenTests" time="2.061">
    <system-out><![CDATA[Request method:	POST
Request URI:	https://petstore.swagger.io/v2/store/order
Proxy:			<none>
Request params:	<none>
Query params:	<none>
Form params:	<none>
Path params:	<none>
Headers:		Accept=application/json, application/javascript, text/javascript, text/json
				Content-Type=application/json
Cookies:		<none>
Multiparts:		<none>
Body:
{
    "id": "3",
    "petId": "103",
    "quantity": "6",
    "date": "2024-03-15T06:34:08.146Z",
    "status": "placed",
    "complete": "true"
}
HTTP/1.1 200 OK
Date: Fri, 15 Mar 2024 06:34:10 GMT
Content-Type: application/json
Transfer-Encoding: chunked
Connection: keep-alive
Access-Control-Allow-Origin: *
Access-Control-Allow-Methods: GET, POST, DELETE, PUT
Access-Control-Allow-Headers: Content-Type, api_key, Authorization
Server: Jetty(9.2.9.v20150224)

{
    "id": 3,
    "petId": 103,
    "quantity": 6,
    "status": "placed",
    "complete": true
}
]]></system-out>
  </testcase>
  <testcase name="getDataOfCreatedStore" classname="api.test.DatadrivenTests" time="3.944">
    <system-out><![CDATA[Request method:	POST
Request URI:	https://petstore.swagger.io/v2/store/order
Proxy:			<none>
Request params:	<none>
Query params:	<none>
Form params:	<none>
Path params:	<none>
Headers:		Accept=application/json, application/javascript, text/javascript, text/json
				Content-Type=application/json
Cookies:		<none>
Multiparts:		<none>
Body:
{
    "id": "4",
    "petId": "104",
    "quantity": "9",
    "date": "2024-03-15T06:34:10.209Z",
    "status": "placed",
    "complete": "true"
}
HTTP/1.1 200 OK
Date: Fri, 15 Mar 2024 06:34:11 GMT
Content-Type: application/json
Transfer-Encoding: chunked
Connection: keep-alive
Access-Control-Allow-Origin: *
Access-Control-Allow-Methods: GET, POST, DELETE, PUT
Access-Control-Allow-Headers: Content-Type, api_key, Authorization
Server: Jetty(9.2.9.v20150224)

{
    "id": 4,
    "petId": 104,
    "quantity": 9,
    "status": "placed",
    "complete": true
}
Request method:	GET
Request URI:	https://petstore.swagger.io/v2/store/order/4
Proxy:			<none>
Request params:	<none>
Query params:	<none>
Form params:	<none>
Path params:	orderId=4
Headers:		Accept=application/json, application/javascript, text/javascript, text/json
				Content-Type=application/json
Cookies:		<none>
Multiparts:		<none>
Body:			<none>
HTTP/1.1 200 OK
Date: Fri, 15 Mar 2024 06:34:13 GMT
Content-Type: application/json
Transfer-Encoding: chunked
Connection: keep-alive
Access-Control-Allow-Origin: *
Access-Control-Allow-Methods: GET, POST, DELETE, PUT
Access-Control-Allow-Headers: Content-Type, api_key, Authorization
Server: Jetty(9.2.9.v20150224)

{
    "id": 4,
    "petId": 104,
    "quantity": 9,
    "status": "placed",
    "complete": true
}
]]></system-out>
  </testcase>
  <testcase name="deletedataofStore[11, 91, 8, 2023-12-30T12:32:29.277Z, placed, true](1)" classname="api.test.DatadrivenTests" time="6.778">
    <system-out><![CDATA[Request method:	POST
Request URI:	https://petstore.swagger.io/v2/store/order
Proxy:			<none>
Request params:	<none>
Query params:	<none>
Form params:	<none>
Path params:	<none>
Headers:		Accept=application/json, application/javascript, text/javascript, text/json
				Content-Type=application/json
Cookies:		<none>
Multiparts:		<none>
Body:
{
    "id": "11",
    "petId": "91",
    "quantity": "8",
    "date": "2024-03-15T06:34:14.149Z",
    "status": "placed",
    "complete": "true"
}
HTTP/1.1 200 OK
Date: Fri, 15 Mar 2024 06:34:15 GMT
Content-Type: application/json
Transfer-Encoding: chunked
Connection: keep-alive
Access-Control-Allow-Origin: *
Access-Control-Allow-Methods: GET, POST, DELETE, PUT
Access-Control-Allow-Headers: Content-Type, api_key, Authorization
Server: Jetty(9.2.9.v20150224)

{
    "id": 11,
    "petId": 91,
    "quantity": 8,
    "status": "placed",
    "complete": true
}
order details: 11
Request method:	GET
Request URI:	https://petstore.swagger.io/v2/store/order/11
Proxy:			<none>
Request params:	<none>
Query params:	<none>
Form params:	<none>
Path params:	orderId=11
Headers:		Accept=application/json, application/javascript, text/javascript, text/json
				Content-Type=application/json
Cookies:		<none>
Multiparts:		<none>
Body:			<none>
HTTP/1.1 200 OK
Date: Fri, 15 Mar 2024 06:34:18 GMT
Content-Type: application/json
Transfer-Encoding: chunked
Connection: keep-alive
Access-Control-Allow-Origin: *
Access-Control-Allow-Methods: GET, POST, DELETE, PUT
Access-Control-Allow-Headers: Content-Type, api_key, Authorization
Server: Jetty(9.2.9.v20150224)

{
    "id": 11,
    "petId": 91,
    "quantity": 8,
    "status": "placed",
    "complete": true
}
HTTP/1.1 200 OK
Date: Fri, 15 Mar 2024 06:34:20 GMT
Content-Type: application/json
Transfer-Encoding: chunked
Connection: keep-alive
Access-Control-Allow-Origin: *
Access-Control-Allow-Methods: GET, POST, DELETE, PUT
Access-Control-Allow-Headers: Content-Type, api_key, Authorization
Server: Jetty(9.2.9.v20150224)

{
    "code": 200,
    "type": "unknown",
    "message": "11"
}
]]></system-out>
  </testcase>
</testsuite>