<?xml version="1.0" encoding="UTF-8"?>
<!-- Generated by org.testng.reporters.JUnitReportReporter -->
<testsuite hostname="GURL5CG2076QJR" failures="0" tests="4" name="api.test.UserTests2" time="13.991" errors="0" timestamp="2024-03-15T12:04:21 IST" skipped="0">
  <testcase classname="api.test.UserTests2" name="testPostUser" time="2.390"/>
  <testcase classname="api.test.UserTests2" name="testGetUser" time="2.323"/>
  <testcase classname="api.test.UserTests2" name="testUpdateUser" time="4.137"/>
  <testcase classname="api.test.UserTests2" name="testdeleteUser" time="5.141"/>
</testsuite> <!-- api.test.UserTests2 -->
