<?xml version="1.0" encoding="UTF-8"?>
<!-- Generated by org.testng.reporters.JUnitReportReporter -->
<testsuite hostname="GURL5CG2076QJR" failures="0" tests="4" name="api.test.PetTests" time="13.730" errors="0" timestamp="2024-03-15T12:04:21 IST" skipped="0">
  <testcase classname="api.test.PetTests" name="createPetToStore" time="2.147"/>
  <testcase classname="api.test.PetTests" name="createPetToStore" time="2.524"/>
  <testcase classname="api.test.PetTests" name="updatePetToStore" time="4.119"/>
  <testcase classname="api.test.PetTests" name="updatePetToStore" time="4.940"/>
</testsuite> <!-- api.test.PetTests -->
