<?xml version="1.0" encoding="UTF-8"?>
<!-- Generated by org.testng.reporters.JUnitReportReporter -->
<testsuite hostname="GURL5CG2076QJR" failures="0" tests="13" name="api.test.DatadrivenTests" time="33.694" errors="0" timestamp="2024-03-15T12:04:21 IST" skipped="0">
  <testcase classname="api.test.DatadrivenTests" name="testPostUser" time="1.930"/>
  <testcase classname="api.test.DatadrivenTests" name="testPostUser" time="2.069"/>
  <testcase classname="api.test.DatadrivenTests" name="testPostUser" time="2.435"/>
  <testcase classname="api.test.DatadrivenTests" name="testPostUser" time="2.174"/>
  <testcase classname="api.test.DatadrivenTests" name="testDeleteUserByUserName" time="2.039"/>
  <testcase classname="api.test.DatadrivenTests" name="testDeleteUserByUserName" time="2.100"/>
  <testcase classname="api.test.DatadrivenTests" name="testDeleteUserByUserName" time="2.064"/>
  <testcase classname="api.test.DatadrivenTests" name="testDeleteUserByUserName" time="1.902"/>
  <testcase classname="api.test.DatadrivenTests" name="getStoreData" time="2.361"/>
  <testcase classname="api.test.DatadrivenTests" name="getStoreData" time="2.062"/>
  <testcase classname="api.test.DatadrivenTests" name="getStoreData" time="1.831"/>
  <testcase classname="api.test.DatadrivenTests" name="getDataOfCreatedStore" time="3.938"/>
  <testcase classname="api.test.DatadrivenTests" name="deletedataofStore" time="6.789"/>
</testsuite> <!-- api.test.DatadrivenTests -->
