<?xml version="1.0" encoding="UTF-8"?>
<!-- Generated by org.testng.reporters.JUnitReportReporter -->
<testsuite hostname="GURL5CG2076QJR" failures="0" tests="4" name="api.test.UserTests" time="14.899" errors="0" timestamp="2024-03-15T12:04:21 IST" skipped="0">
  <testcase classname="api.test.UserTests" name="testPostUser" time="3.551"/>
  <testcase classname="api.test.UserTests" name="testGetUser" time="1.949"/>
  <testcase classname="api.test.UserTests" name="testUpdateUser" time="4.475"/>
  <testcase classname="api.test.UserTests" name="testdeleteUser" time="4.924"/>
</testsuite> <!-- api.test.UserTests -->
